<?xml version="1.0" encoding="UTF-8"?>
<!-- Generated by org.testng.reporters.JUnitReportReporter -->
<testsuite skipped="0" hostname="IKCON1049" name="com.ikcon.tech.runner.NopCommerceTestNgTestRunnerTest" tests="4" failures="0" timestamp="2022-09-14T20:24:40 IST" time="89.784" errors="0">
  <testcase name="runScenario" time="22.499" classname="com.ikcon.tech.runner.NopCommerceTestNgTestRunnerTest"/>
  <system-out/>
  <testcase name="runScenario" time="28.672" classname="com.ikcon.tech.runner.NopCommerceTestNgTestRunnerTest"/>
  <system-out/>
  <testcase name="runScenario" time="25.151" classname="com.ikcon.tech.runner.NopCommerceTestNgTestRunnerTest"/>
  <system-out/>
  <testcase name="runScenario" time="13.462" classname="com.ikcon.tech.runner.NopCommerceTestNgTestRunnerTest"/>
  <system-out/>
</testsuite> <!-- com.ikcon.tech.runner.NopCommerceTestNgTestRunnerTest -->
